<?xml version="1.0" encoding="UTF-8"?>
<testng-results ignored="0" total="3" passed="3" failed="0" skipped="0">
  <reporter-output>
    <line>
      <![CDATA[CreateOrganizationWithIndustryAndTypeTest is pass]]>
    </line>
  </reporter-output>
  <suite started-at="2022-09-17T15:42:27 IST" name="Suite" finished-at="2022-09-17T15:43:34 IST" duration-ms="67265">
    <groups>
      <group name="regressionTest">
        <method signature="CreateOrganisationTest.CreateOrganisation()[pri:0, instance:com.tyss.TestScripts.CreateOrganisationTest@5d534f5d]" name="CreateOrganisation" class="com.tyss.TestScripts.CreateOrganisationTest"/>
        <method signature="OrganisationIndustryTypeTest.CreateOrganisation()[pri:0, instance:com.tyss.TestScripts.OrganisationIndustryTypeTest@52719fb6]" name="CreateOrganisation" class="com.tyss.TestScripts.OrganisationIndustryTypeTest"/>
      </group> <!-- regressionTest -->
      <group name="smokeTest">
        <method signature="CreateContactPageTest.CreateContactPageTest()[pri:0, instance:com.tyss.ContactTestScripts.CreateContactPageTest@3012646b]" name="CreateContactPageTest" class="com.tyss.ContactTestScripts.CreateContactPageTest"/>
        <method signature="CreateOrganisationTest.CreateOrganisation()[pri:0, instance:com.tyss.TestScripts.CreateOrganisationTest@5d534f5d]" name="CreateOrganisation" class="com.tyss.TestScripts.CreateOrganisationTest"/>
      </group> <!-- smokeTest -->
    </groups>
    <test started-at="2022-09-17T15:42:27 IST" name="Test" finished-at="2022-09-17T15:43:34 IST" duration-ms="67265">
      <class name="com.tyss.ContactTestScripts.CreateContactPageTest">
        <test-method is-config="true" signature="lauchTheBrowser()[pri:0, instance:com.tyss.ContactTestScripts.CreateContactPageTest@3012646b]" started-at="2022-09-17T15:43:15 IST" name="lauchTheBrowser" finished-at="2022-09-17T15:43:18 IST" duration-ms="2893" status="PASS">
          <reporter-output>
          </reporter-output>
        </test-method> <!-- lauchTheBrowser -->
        <test-method is-config="true" signature="loginToApp()[pri:0, instance:com.tyss.ContactTestScripts.CreateContactPageTest@3012646b]" started-at="2022-09-17T15:43:18 IST" name="loginToApp" finished-at="2022-09-17T15:43:23 IST" duration-ms="4776" status="PASS">
          <reporter-output>
          </reporter-output>
        </test-method> <!-- loginToApp -->
        <test-method signature="CreateContactPageTest()[pri:0, instance:com.tyss.ContactTestScripts.CreateContactPageTest@3012646b]" started-at="2022-09-17T15:43:23 IST" name="CreateContactPageTest" finished-at="2022-09-17T15:43:32 IST" duration-ms="9587" status="PASS">
          <reporter-output>
          </reporter-output>
        </test-method> <!-- CreateContactPageTest -->
        <test-method is-config="true" signature="logoutFromApp()[pri:0, instance:com.tyss.ContactTestScripts.CreateContactPageTest@3012646b]" started-at="2022-09-17T15:43:32 IST" name="logoutFromApp" finished-at="2022-09-17T15:43:34 IST" duration-ms="1604" status="PASS">
          <reporter-output>
          </reporter-output>
        </test-method> <!-- logoutFromApp -->
        <test-method is-config="true" signature="closeBrowser()[pri:0, instance:com.tyss.ContactTestScripts.CreateContactPageTest@3012646b]" started-at="2022-09-17T15:43:34 IST" name="closeBrowser" finished-at="2022-09-17T15:43:34 IST" duration-ms="230" status="PASS">
          <reporter-output>
          </reporter-output>
        </test-method> <!-- closeBrowser -->
      </class> <!-- com.tyss.ContactTestScripts.CreateContactPageTest -->
      <class name="com.tyss.TestScripts.OrganisationIndustryTypeTest">
        <test-method is-config="true" signature="lauchTheBrowser()[pri:0, instance:com.tyss.TestScripts.OrganisationIndustryTypeTest@52719fb6]" started-at="2022-09-17T15:42:52 IST" name="lauchTheBrowser" finished-at="2022-09-17T15:42:55 IST" duration-ms="2943" status="PASS">
          <reporter-output>
          </reporter-output>
        </test-method> <!-- lauchTheBrowser -->
        <test-method is-config="true" signature="loginToApp()[pri:0, instance:com.tyss.TestScripts.OrganisationIndustryTypeTest@52719fb6]" started-at="2022-09-17T15:42:55 IST" name="loginToApp" finished-at="2022-09-17T15:43:01 IST" duration-ms="5578" status="PASS">
          <reporter-output>
          </reporter-output>
        </test-method> <!-- loginToApp -->
        <test-method signature="CreateOrganisation()[pri:0, instance:com.tyss.TestScripts.OrganisationIndustryTypeTest@52719fb6]" started-at="2022-09-17T15:43:01 IST" name="CreateOrganisation" finished-at="2022-09-17T15:43:13 IST" duration-ms="11913" status="PASS">
          <reporter-output>
            <line>
              <![CDATA[CreateOrganizationWithIndustryAndTypeTest is pass]]>
            </line>
          </reporter-output>
        </test-method> <!-- CreateOrganisation -->
        <test-method is-config="true" signature="logoutFromApp()[pri:0, instance:com.tyss.TestScripts.OrganisationIndustryTypeTest@52719fb6]" started-at="2022-09-17T15:43:13 IST" name="logoutFromApp" finished-at="2022-09-17T15:43:15 IST" duration-ms="1741" status="PASS">
          <reporter-output>
          </reporter-output>
        </test-method> <!-- logoutFromApp -->
        <test-method is-config="true" signature="closeBrowser()[pri:0, instance:com.tyss.TestScripts.OrganisationIndustryTypeTest@52719fb6]" started-at="2022-09-17T15:43:15 IST" name="closeBrowser" finished-at="2022-09-17T15:43:15 IST" duration-ms="416" status="PASS">
          <reporter-output>
          </reporter-output>
        </test-method> <!-- closeBrowser -->
      </class> <!-- com.tyss.TestScripts.OrganisationIndustryTypeTest -->
      <class name="com.tyss.TestScripts.CreateOrganisationTest">
        <test-method is-config="true" signature="lauchTheBrowser()[pri:0, instance:com.tyss.TestScripts.CreateOrganisationTest@5d534f5d]" started-at="2022-09-17T15:42:27 IST" name="lauchTheBrowser" finished-at="2022-09-17T15:42:34 IST" duration-ms="6850" status="PASS">
          <reporter-output>
          </reporter-output>
        </test-method> <!-- lauchTheBrowser -->
        <test-method is-config="true" signature="loginToApp()[pri:0, instance:com.tyss.TestScripts.CreateOrganisationTest@5d534f5d]" started-at="2022-09-17T15:42:34 IST" name="loginToApp" finished-at="2022-09-17T15:42:38 IST" duration-ms="3569" status="PASS">
          <reporter-output>
          </reporter-output>
        </test-method> <!-- loginToApp -->
        <test-method signature="CreateOrganisation()[pri:0, instance:com.tyss.TestScripts.CreateOrganisationTest@5d534f5d]" started-at="2022-09-17T15:42:38 IST" name="CreateOrganisation" finished-at="2022-09-17T15:42:50 IST" duration-ms="12416" status="PASS">
          <reporter-output>
          </reporter-output>
        </test-method> <!-- CreateOrganisation -->
        <test-method is-config="true" signature="logoutFromApp()[pri:0, instance:com.tyss.TestScripts.CreateOrganisationTest@5d534f5d]" started-at="2022-09-17T15:42:50 IST" name="logoutFromApp" finished-at="2022-09-17T15:42:52 IST" duration-ms="1864" status="PASS">
          <reporter-output>
          </reporter-output>
        </test-method> <!-- logoutFromApp -->
        <test-method is-config="true" signature="closeBrowser()[pri:0, instance:com.tyss.TestScripts.CreateOrganisationTest@5d534f5d]" started-at="2022-09-17T15:42:52 IST" name="closeBrowser" finished-at="2022-09-17T15:42:52 IST" duration-ms="256" status="PASS">
          <reporter-output>
          </reporter-output>
        </test-method> <!-- closeBrowser -->
      </class> <!-- com.tyss.TestScripts.CreateOrganisationTest -->
    </test> <!-- Test -->
  </suite> <!-- Suite -->
</testng-results>
