<?xml version="1.0" encoding="UTF-8"?>
<!-- Generated by org.testng.reporters.JUnitXMLReporter -->
<testsuite ignored="0" hostname="Nirmala" failures="0" tests="3" name="Test" time="67.265" errors="0" timestamp="2022-09-17T15:43:35 IST">
  <testcase classname="com.tyss.TestScripts.CreateOrganisationTest" name="CreateOrganisation" time="12.416"/>
  <testcase classname="com.tyss.TestScripts.OrganisationIndustryTypeTest" name="CreateOrganisation" time="11.913"/>
  <testcase classname="com.tyss.ContactTestScripts.CreateContactPageTest" name="CreateContactPageTest" time="9.587"/>
</testsuite> <!-- Test -->
