<?xml version="1.0" encoding="UTF-8"?>
<!-- Generated by org.testng.reporters.JUnitXMLReporter -->
<testsuite ignored="3" hostname="Nirmala" failures="0" tests="1" name="Tests" time="0.043" errors="0" timestamp="2022-08-08T12:08:20 IST">
  <testcase classname="DataProvider.SampleTestTest" name="cat" time="0.009"/>
  <testcase classname="DataProvider.SampleTestTest" name="fish" time="0.0">
    <ignored/>
  </testcase> <!-- fish -->
  <testcase classname="DataProvider.SampleTestTest" name="cow" time="0.0">
    <ignored/>
  </testcase> <!-- cow -->
  <testcase classname="DataProvider.SampleTestTest" name="dog" time="0.0">
    <ignored/>
  </testcase> <!-- dog -->
</testsuite> <!-- Tests -->
